<?xml version="1.0" encoding="UTF-8"?>
<!-- Generated by org.testng.reporters.JUnitXMLReporter -->
<testsuite ignored="7" hostname="user" failures="0" tests="8" name="LoginScreen" time="7.67" errors="0" timestamp="2022-06-22T17:40:13 IST">
  <testcase classname="com.sat2credit.testcases.LoginScreen" name="verifyTitleText_TC001" time="0.131"/>
  <testcase classname="com.sat2credit.testcases.LoginScreen" name="verifyPhoneNumberInput_TC002" time="0.05"/>
  <testcase classname="com.sat2credit.testcases.LoginScreen" name="clickOnPhoneNumber_TC003" time="0.122"/>
  <testcase classname="com.sat2credit.testcases.LoginScreen" name="verifyPasswordInput_TC005" time="0.049"/>
  <testcase classname="com.sat2credit.testcases.LoginScreen" name="clickOnPassword_TC006" time="0.068"/>
  <testcase classname="com.sat2credit.testcases.LoginScreen" name="verifyEyeButton_TC009" time="0.023"/>
  <testcase classname="com.sat2credit.testcases.LoginScreen" name="clickOnEyeButton_TC010" time="0.045"/>
  <testcase classname="com.sat2credit.testcases.LoginScreen" name="verifyLoginButton_TC014" time="0.014"/>
  <testcase classname="com.sat2credit.testcases.LoginScreen" name="enterValidCredentialsAndClickLoginButton_TC015" time="0.0">
    <ignored/>
  </testcase> <!-- enterValidCredentialsAndClickLoginButton_TC015 -->
  <testcase classname="com.sat2credit.testcases.LoginScreen" name="verifyPhoneNumberWarningMessage_TC012" time="0.0">
    <ignored/>
  </testcase> <!-- verifyPhoneNumberWarningMessage_TC012 -->
  <testcase classname="com.sat2credit.testcases.LoginScreen" name="verifyPasswordWarningMessage_TC013" time="0.0">
    <ignored/>
  </testcase> <!-- verifyPasswordWarningMessage_TC013 -->
  <testcase classname="com.sat2credit.testcases.LoginScreen" name="enterPhoneNumberInField_TC004" time="0.0">
    <ignored/>
  </testcase> <!-- enterPhoneNumberInField_TC004 -->
  <testcase classname="com.sat2credit.testcases.LoginScreen" name="enterPasswordInField_TC007" time="0.0">
    <ignored/>
  </testcase> <!-- enterPasswordInField_TC007 -->
  <testcase classname="com.sat2credit.testcases.LoginScreen" name="verifyPasswordEncryption_TC008" time="0.0">
    <ignored/>
  </testcase> <!-- verifyPasswordEncryption_TC008 -->
  <testcase classname="com.sat2credit.testcases.LoginScreen" name="verifyPasswordUnencription_TC011" time="0.0">
    <ignored/>
  </testcase> <!-- verifyPasswordUnencription_TC011 -->
</testsuite> <!-- LoginScreen -->
