<?xml version="1.0" encoding="UTF-8"?>
<testsuite xmlns:xsi="http://www.w3.org/2001/XMLSchema-instance" xsi:noNamespaceSchemaLocation="https://maven.apache.org/surefire/maven-surefire-plugin/xsd/surefire-test-report.xsd" name="TestSuite" time="9.354" tests="8" errors="0" skipped="0" failures="0">
  <properties>
[...]
</properties>
  <testcase name="verifyTitleText_TC001" classname="com.sat2credit.testcases.LoginScreen" time="0.132"/>
  <testcase name="verifyPhoneNumberInput_TC002" classname="com.sat2credit.testcases.LoginScreen" time="0.051"/>
  <testcase name="clickOnPhoneNumber_TC003" classname="com.sat2credit.testcases.LoginScreen" time="0.123"/>
  <testcase name="verifyPasswordInput_TC005" classname="com.sat2credit.testcases.LoginScreen" time="0.048"/>
  <testcase name="clickOnPassword_TC006" classname="com.sat2credit.testcases.LoginScreen" time="0.069"/>
  <testcase name="verifyEyeButton_TC009" classname="com.sat2credit.testcases.LoginScreen" time="0.023"/>
  <testcase name="clickOnEyeButton_TC010" classname="com.sat2credit.testcases.LoginScreen" time="0.045"/>
  <testcase name="verifyLoginButton_TC014" classname="com.sat2credit.testcases.LoginScreen" time="0.014"/>
</testsuite>